<?xml version="1.0" encoding="UTF-8"?>
<!-- Generated by org.testng.reporters.JUnitReportReporter -->
<testsuite hostname="DESKTOP-143M0GD" failures="0" tests="2" name="qaclickacademy.MavenTest" time="0.016" errors="0" timestamp="28 Jun 2019 05:06:19 GMT" skipped="0">
  <testcase classname="qaclickacademy.MavenTest" name="BrowserAutomation" time="0.014"/>
  <testcase classname="qaclickacademy.MavenTest" name="elementsUi" time="0.002"/>
</testsuite> <!-- qaclickacademy.MavenTest -->
