<?xml version="1.0" encoding="UTF-8"?>
<!-- Generated by org.testng.reporters.JUnitReportReporter -->
<testsuite hostname="DESKTOP-143M0GD" failures="0" tests="1" name="qaclickacademy.Maven2Test" time="0.015" errors="0" timestamp="28 Jun 2019 05:26:03 GMT" skipped="0">
  <testcase classname="qaclickacademy.Maven2Test" name="Maven2" time="0.015"/>
</testsuite> <!-- qaclickacademy.Maven2Test -->
